CRITICAL - 2023-11-13 21:22:02 --> Undefined variable $Navbar
in APPPATH\Views\vistasPrueba\Formulario.php on line 6.
 1 APPPATH\Views\vistasPrueba\Formulario.php(6): CodeIgniter\Debug\Exceptions->errorHandler(2, 'Undefined variable $Navbar', 'C:\\xampp\\htdocs\\app1\\app\\Views\\vistasPrueba\\Formulario.php', 6)
 2 SYSTEMPATH\View\View.php(228): include('C:\\xampp\\htdocs\\app1\\app\\Views\\vistasPrueba\\Formulario.php')
 3 SYSTEMPATH\View\View.php(231): CodeIgniter\View\View->CodeIgniter\View\{closure}()
 4 SYSTEMPATH\Common.php(1190): CodeIgniter\View\View->render('vistasPrueba/Formulario', [], true)
 5 APPPATH\Controllers\Prueba.php(11): view('vistasPrueba/Formulario', [...])
 6 SYSTEMPATH\CodeIgniter.php(942): App\Controllers\Prueba->Formulario()
 7 SYSTEMPATH\CodeIgniter.php(502): CodeIgniter\CodeIgniter->runController(Object(App\Controllers\Prueba))
 8 SYSTEMPATH\CodeIgniter.php(361): CodeIgniter\CodeIgniter->handleRequest(null, Object(Config\Cache), false)
 9 FCPATH\index.php(79): CodeIgniter\CodeIgniter->run()
CRITICAL - 2023-11-13 21:22:02 --> Undefined variable $Navbar
in APPPATH\Views\vistasPrueba\Formulario.php on line 6.
 1 APPPATH\Views\vistasPrueba\Formulario.php(6): CodeIgniter\Debug\Exceptions->errorHandler(2, 'Undefined variable $Navbar', 'C:\\xampp\\htdocs\\app1\\app\\Views\\vistasPrueba\\Formulario.php', 6)
 2 SYSTEMPATH\View\View.php(228): include('C:\\xampp\\htdocs\\app1\\app\\Views\\vistasPrueba\\Formulario.php')
 3 SYSTEMPATH\View\View.php(231): CodeIgniter\View\View->CodeIgniter\View\{closure}()
 4 SYSTEMPATH\Common.php(1190): CodeIgniter\View\View->render('vistasPrueba/Formulario', [], true)
 5 APPPATH\Controllers\Prueba.php(11): view('vistasPrueba/Formulario', [...])
 6 SYSTEMPATH\CodeIgniter.php(942): App\Controllers\Prueba->Formulario()
 7 SYSTEMPATH\CodeIgniter.php(502): CodeIgniter\CodeIgniter->runController(Object(App\Controllers\Prueba))
 8 SYSTEMPATH\CodeIgniter.php(361): CodeIgniter\CodeIgniter->handleRequest(null, Object(Config\Cache), false)
 9 FCPATH\index.php(79): CodeIgniter\CodeIgniter->run()
CRITICAL - 2023-11-13 21:22:08 --> Undefined variable $Navbar
in APPPATH\Views\vistasPrueba\Formulario.php on line 6.
 1 APPPATH\Views\vistasPrueba\Formulario.php(6): CodeIgniter\Debug\Exceptions->errorHandler(2, 'Undefined variable $Navbar', 'C:\\xampp\\htdocs\\app1\\app\\Views\\vistasPrueba\\Formulario.php', 6)
 2 SYSTEMPATH\View\View.php(228): include('C:\\xampp\\htdocs\\app1\\app\\Views\\vistasPrueba\\Formulario.php')
 3 SYSTEMPATH\View\View.php(231): CodeIgniter\View\View->CodeIgniter\View\{closure}()
 4 SYSTEMPATH\Common.php(1190): CodeIgniter\View\View->render('vistasPrueba/Formulario', [], true)
 5 APPPATH\Controllers\Prueba.php(11): view('vistasPrueba/Formulario', [...])
 6 SYSTEMPATH\CodeIgniter.php(942): App\Controllers\Prueba->Formulario()
 7 SYSTEMPATH\CodeIgniter.php(502): CodeIgniter\CodeIgniter->runController(Object(App\Controllers\Prueba))
 8 SYSTEMPATH\CodeIgniter.php(361): CodeIgniter\CodeIgniter->handleRequest(null, Object(Config\Cache), false)
 9 FCPATH\index.php(79): CodeIgniter\CodeIgniter->run()
CRITICAL - 2023-11-13 21:33:47 --> Undefined variable $Nombre
in APPPATH\Views\vistasPrueba\Resultado.php on line 11.
 1 APPPATH\Views\vistasPrueba\Resultado.php(11): CodeIgniter\Debug\Exceptions->errorHandler(2, 'Undefined variable $Nombre', 'C:\\xampp\\htdocs\\app1\\app\\Views\\vistasPrueba\\Resultado.php', 11)
 2 SYSTEMPATH\View\View.php(228): include('C:\\xampp\\htdocs\\app1\\app\\Views\\vistasPrueba\\Resultado.php')
 3 SYSTEMPATH\View\View.php(231): CodeIgniter\View\View->CodeIgniter\View\{closure}()
 4 SYSTEMPATH\Common.php(1190): CodeIgniter\View\View->render('vistasPrueba/Resultado', [], true)
 5 APPPATH\Controllers\Prueba.php(35): view('vistasPrueba/Resultado', [...])
 6 SYSTEMPATH\CodeIgniter.php(942): App\Controllers\Prueba->envioDatosPrueba()
 7 SYSTEMPATH\CodeIgniter.php(502): CodeIgniter\CodeIgniter->runController(Object(App\Controllers\Prueba))
 8 SYSTEMPATH\CodeIgniter.php(361): CodeIgniter\CodeIgniter->handleRequest(null, Object(Config\Cache), false)
 9 FCPATH\index.php(79): CodeIgniter\CodeIgniter->run()
